<?xml version="1.0" encoding="UTF-8"?>
<!-- Generated by org.testng.reporters.JUnitReportReporter -->
<testsuite hostname="Admin-PC" name="javaprogrammes.Testngex" tests="1" failures="0" timestamp="4 May 2019 10:26:18 GMT" time="0.079" errors="0">
  <testcase name="url" time="0.079" classname="javaprogrammes.Testngex"/>
</testsuite> <!-- javaprogrammes.Testngex -->
