<?xml version="1.0" encoding="UTF-8"?>
<!-- Generated by org.testng.reporters.JUnitReportReporter -->
<testsuite hostname="Admin-PC" name="WorkingwithText.NormalandBoldtextcount" tests="1" failures="0" timestamp="3 Jun 2019 08:25:44 GMT" time="0.989" errors="0">
  <testcase name="Textcount" time="0.989" classname="WorkingwithText.NormalandBoldtextcount"/>
</testsuite> <!-- WorkingwithText.NormalandBoldtextcount -->
