<?xml version="1.0" encoding="UTF-8"?>
<!-- Generated by org.testng.reporters.JUnitReportReporter -->
<testsuite hostname="Admin-PC" name="WorkingwithText.SpecificText" tests="1" failures="0" timestamp="23 May 2019 10:48:21 GMT" time="0.522" errors="0">
  <testcase name="Text" time="0.522" classname="WorkingwithText.SpecificText"/>
</testsuite> <!-- WorkingwithText.SpecificText -->
