<?xml version="1.0" encoding="UTF-8"?>
<!-- Generated by org.testng.reporters.JUnitReportReporter -->
<testsuite hostname="Admin-PC" name="javaprogrammes.Flipkart1" tests="3" failures="0" timestamp="23 May 2019 06:27:39 GMT" time="11.056" errors="0">
  <testcase name="select" time="1.150" classname="javaprogrammes.Flipkart1"/>
  <testcase name="men" time="5.801" classname="javaprogrammes.Flipkart1"/>
  <testcase name="slider" time="4.105" classname="javaprogrammes.Flipkart1"/>
</testsuite> <!-- javaprogrammes.Flipkart1 -->
