<?xml version="1.0" encoding="UTF-8"?>
<!-- Generated by org.testng.reporters.JUnitReportReporter -->
<testsuite hostname="Admin-PC" name="WorkingwithText.Textofelement" tests="1" failures="0" timestamp="23 May 2019 07:00:34 GMT" time="0.178" errors="0">
  <testcase name="Text" time="0.178" classname="WorkingwithText.Textofelement"/>
</testsuite> <!-- WorkingwithText.Textofelement -->
